<?xml version="1.0" encoding="UTF-8"?>
<!-- Generated by org.testng.reporters.JUnitReportReporter -->
<testsuite hostname="Ojaswi" failures="0" tests="1" name="TestNG.SecondTest" time="0.001" errors="0" timestamp="2023-11-21T19:39:22 IST" skipped="0">
  <testcase classname="TestNG.SecondTest" name="demo" time="0.001"/>
</testsuite> <!-- TestNG.SecondTest -->
