<?xml version="1.0" encoding="UTF-8"?>
<!-- Generated by org.testng.reporters.JUnitReportReporter -->
<testsuite hostname="Ojaswi" failures="0" tests="2" name="TestNG.FiestTest" time="0.007" errors="0" timestamp="2023-11-21T19:39:22 IST" skipped="0">
  <testcase classname="TestNG.FiestTest" name="demo" time="0.006"/>
  <testcase classname="TestNG.FiestTest" name="secondTest" time="0.001"/>
</testsuite> <!-- TestNG.FiestTest -->
